<?xml version="1.0" encoding="UTF-8"?>
<!-- Generated by org.testng.reporters.JUnitXMLReporter -->
<testsuite ignored="2" hostname="DESKTOP-0D6P269" failures="1" tests="2" name="user" time="21.297" errors="0" timestamp="2024-07-19T00:48:16 IST">
  <testcase classname="GoldBharat.Login" name="login" time="14.029"/>
  <testcase classname="GoldBharat.profileAndKYC" name="profile" time="7.188">
    <failure type="org.openqa.selenium.InvalidArgumentException" message="invalid argument: File not found : E:\test-proj\Gold-Box_Upto-Sprint_6\Files\Pan card.jpg
  (Session info: chrome=126.0.6478.182)
Build info: version: &amp;apos;4.14.1&amp;apos;, revision: &amp;apos;03f8ede370&amp;apos;
System info: os.name: &amp;apos;Windows 10&amp;apos;, os.arch: &amp;apos;amd64&amp;apos;, os.version: &amp;apos;10.0&amp;apos;, java.version: &amp;apos;11.0.4&amp;apos;
Driver info: org.openqa.selenium.chrome.ChromeDriver
Command: [731c4a35d88db94bdc4f2c490aa5d03b, sendKeysToElement {id=f.AA7076C69E52E47E31D73638D0C87E56.d.CE99AE817C912B6EA0A129502CA5A79F.e.109, value=[Ljava.lang.CharSequence;@4a50d04a}]
Capabilities {acceptInsecureCerts: false, browserName: chrome, browserVersion: 126.0.6478.182, chrome: {chromedriverVersion: 126.0.6478.182 (5b5d8292ddf..., userDataDir: C:\Users\sures\AppData\Loca...}, fedcm:accounts: true, goog:chromeOptions: {debuggerAddress: localhost:53390}, networkConnectionEnabled: false, pageLoadStrategy: normal, platformName: windows, proxy: Proxy(), se:cdp: ws://localhost:53390/devtoo..., se:cdpVersion: 126.0.6478.182, setWindowRect: true, strictFileInteractability: false, timeouts: {implicit: 0, pageLoad: 300000, script: 30000}, unhandledPromptBehavior: dismiss and notify, webauthn:extension:credBlob: true, webauthn:extension:largeBlob: true, webauthn:extension:minPinLength: true, webauthn:extension:prf: true, webauthn:virtualAuthenticators: true}
Element: [[ChromeDriver: chrome on windows (731c4a35d88db94bdc4f2c490aa5d03b)] -&amp;gt; xpath: //input[@formcontrolname=&amp;apos;proprietor_pan_image&amp;apos;]]
Session ID: 731c4a35d88db94bdc4f2c490aa5d03b">
      <![CDATA[org.openqa.selenium.InvalidArgumentException: invalid argument: File not found : E:\test-proj\Gold-Box_Upto-Sprint_6\Files\Pan card.jpg
  (Session info: chrome=126.0.6478.182)
Build info: version: '4.14.1', revision: '03f8ede370'
System info: os.name: 'Windows 10', os.arch: 'amd64', os.version: '10.0', java.version: '11.0.4'
Driver info: org.openqa.selenium.chrome.ChromeDriver
Command: [731c4a35d88db94bdc4f2c490aa5d03b, sendKeysToElement {id=f.AA7076C69E52E47E31D73638D0C87E56.d.CE99AE817C912B6EA0A129502CA5A79F.e.109, value=[Ljava.lang.CharSequence;@4a50d04a}]
Capabilities {acceptInsecureCerts: false, browserName: chrome, browserVersion: 126.0.6478.182, chrome: {chromedriverVersion: 126.0.6478.182 (5b5d8292ddf..., userDataDir: C:\Users\sures\AppData\Loca...}, fedcm:accounts: true, goog:chromeOptions: {debuggerAddress: localhost:53390}, networkConnectionEnabled: false, pageLoadStrategy: normal, platformName: windows, proxy: Proxy(), se:cdp: ws://localhost:53390/devtoo..., se:cdpVersion: 126.0.6478.182, setWindowRect: true, strictFileInteractability: false, timeouts: {implicit: 0, pageLoad: 300000, script: 30000}, unhandledPromptBehavior: dismiss and notify, webauthn:extension:credBlob: true, webauthn:extension:largeBlob: true, webauthn:extension:minPinLength: true, webauthn:extension:prf: true, webauthn:virtualAuthenticators: true}
Element: [[ChromeDriver: chrome on windows (731c4a35d88db94bdc4f2c490aa5d03b)] -> xpath: //input[@formcontrolname='proprietor_pan_image']]
Session ID: 731c4a35d88db94bdc4f2c490aa5d03b
at org.openqa.selenium.remote.codec.w3c.W3CHttpResponseCodec.createException(W3CHttpResponseCodec.java:200)
at org.openqa.selenium.remote.codec.w3c.W3CHttpResponseCodec.decode(W3CHttpResponseCodec.java:133)
at org.openqa.selenium.remote.codec.w3c.W3CHttpResponseCodec.decode(W3CHttpResponseCodec.java:52)
at org.openqa.selenium.remote.HttpCommandExecutor.execute(HttpCommandExecutor.java:191)
at org.openqa.selenium.remote.service.DriverCommandExecutor.invokeExecute(DriverCommandExecutor.java:200)
at org.openqa.selenium.remote.service.DriverCommandExecutor.execute(DriverCommandExecutor.java:175)
at org.openqa.selenium.remote.RemoteWebDriver.execute(RemoteWebDriver.java:602)
at org.openqa.selenium.remote.RemoteWebElement.execute(RemoteWebElement.java:224)
at org.openqa.selenium.remote.RemoteWebElement.sendKeys(RemoteWebElement.java:111)
at org.openqa.selenium.support.pagefactory.internal.LocatingElementHandler.invoke(LocatingElementHandler.java:51)
at com.sun.proxy.$Proxy12.sendKeys(Unknown Source)
at GoldBharat.profileAndKYC.profile(profileAndKYC.java:98)
at java.base/java.util.ArrayList.forEach(ArrayList.java:1540)
... Removed 35 stack frames]]>
    </failure>
  </testcase> <!-- profile -->
  <testcase classname="genericUtility.GoldBharat_BaseClass" name="@BeforeSuite bcConfig" time="0.0">
    <ignored/>
  </testcase> <!-- @BeforeSuite bcConfig -->
  <testcase classname="genericUtility.GoldBharat_BaseClass" name="@BeforeSuite bsConfig" time="0.0">
    <ignored/>
  </testcase> <!-- @BeforeSuite bsConfig -->
</testsuite> <!-- user -->
